2016-05-27 15:59:35,607 [Worker-10] INFO  o.e.m.c.i.l.LifecycleMappingFactory - Using NULL lifecycle mapping for MavenProject: com.java.kappa.project:kappa:0.0.1-SNAPSHOT @ C:\Users\user\Documents\GitHub\Kappa_Project\kappa_bank_project\pom.xml.
2016-05-27 15:59:37,142 [Worker-10] INFO  o.e.m.c.i.l.LifecycleMappingFactory - Using org.eclipse.m2e.jdt.JarLifecycleMapping lifecycle mapping for MavenProject: com.java.kappa.project:analysis_of_indicators:0.0.1-SNAPSHOT @ C:\Users\user\Documents\GitHub\Kappa_Project\kappa_bank_project\analysis_of_indicators\pom.xml.
2016-05-27 15:59:37,382 [Worker-10] INFO  o.e.m.c.i.l.LifecycleMappingFactory - Using org.eclipse.m2e.jdt.JarLifecycleMapping lifecycle mapping for MavenProject: com.java.kappa.project:variable_rate_loan:0.0.1-SNAPSHOT @ C:\Users\user\Documents\GitHub\Kappa_Project\kappa_bank_project\variable_rate_loan\pom.xml.
2016-05-27 15:59:37,802 [Worker-10] INFO  o.e.m.c.i.l.LifecycleMappingFactory - Using org.eclipse.m2e.jdt.JarLifecycleMapping lifecycle mapping for MavenProject: com.java.kappa.project:view_print_results_loan:0.0.1-SNAPSHOT @ C:\Users\user\Documents\GitHub\Kappa_Project\kappa_bank_project\view_print_results_loan\pom.xml.
2016-05-27 15:59:38,053 [Worker-10] INFO  o.e.m.c.i.l.LifecycleMappingFactory - Using org.eclipse.m2e.jdt.JarLifecycleMapping lifecycle mapping for MavenProject: com.java.kappa.project:server:0.0.1-SNAPSHOT @ C:\Users\user\Documents\GitHub\Kappa_Project\kappa_bank_project\server\pom.xml.
2016-05-27 15:59:38,268 [Worker-10] INFO  o.e.m.c.i.l.LifecycleMappingFactory - Using org.eclipse.m2e.jdt.JarLifecycleMapping lifecycle mapping for MavenProject: com.java.kappa.project:client:0.0.1-SNAPSHOT @ C:\Users\user\Documents\GitHub\Kappa_Project\kappa_bank_project\client\pom.xml.
2016-05-27 15:59:38,431 [Worker-10] INFO  o.e.m.c.i.l.LifecycleMappingFactory - Using org.eclipse.m2e.jdt.JarLifecycleMapping lifecycle mapping for MavenProject: com.java.kappa.project:commons:0.0.1-SNAPSHOP @ C:\Users\user\Documents\GitHub\Kappa_Project\kappa_bank_project\commons\pom.xml.
2016-05-27 15:59:38,696 [Worker-10] INFO  o.e.m.c.i.l.LifecycleMappingFactory - Using org.eclipse.m2e.jdt.JarLifecycleMapping lifecycle mapping for MavenProject: com.java.kappa.project:comparison:0.0.1-SNAPSHOT @ C:\Users\user\Documents\GitHub\Kappa_Project\kappa_bank_project\comparison\pom.xml.
2016-05-27 15:59:39,048 [Worker-10] INFO  o.e.m.c.i.l.LifecycleMappingFactory - Using org.eclipse.m2e.jdt.JarLifecycleMapping lifecycle mapping for MavenProject: com.java.kappa.project:fixed_rate_loan:0.0.1-SNAPSHOT @ C:\Users\user\Documents\GitHub\Kappa_Project\kappa_bank_project\fixed_rate_loan\pom.xml.
2016-05-27 15:59:46,794 [Worker-10] INFO  o.e.m.j.i.AbstractJavaProjectConfigurator - Adding source folder /fixed_rate_loan/src/main/java
2016-05-27 15:59:46,795 [Worker-10] INFO  o.e.m.j.i.AbstractJavaProjectConfigurator - Adding source folder /fixed_rate_loan/src/test/java
2016-05-27 15:59:47,298 [Worker-10] INFO  o.e.m.j.i.AbstractJavaProjectConfigurator - Adding source folder /variable_rate_loan/src/main/java
2016-05-27 15:59:47,299 [Worker-10] INFO  o.e.m.j.i.AbstractJavaProjectConfigurator - Adding source folder /variable_rate_loan/src/test/java
2016-05-27 15:59:47,677 [Worker-10] INFO  o.e.m.j.i.AbstractJavaProjectConfigurator - Adding source folder /analysis_of_indicators/src/main/java
2016-05-27 15:59:47,678 [Worker-10] INFO  o.e.m.j.i.AbstractJavaProjectConfigurator - Adding source folder /analysis_of_indicators/src/test/java
2016-05-27 15:59:47,925 [Worker-10] INFO  o.e.m.j.i.AbstractJavaProjectConfigurator - Adding source folder /commons/src/main/java
2016-05-27 15:59:47,935 [Worker-10] INFO  o.e.m.j.i.AbstractJavaProjectConfigurator - Adding source folder /commons/src/test/java
2016-05-27 15:59:48,334 [Worker-10] INFO  o.e.m.j.i.AbstractJavaProjectConfigurator - Adding source folder /comparison/src/main/java
2016-05-27 15:59:48,335 [Worker-10] INFO  o.e.m.j.i.AbstractJavaProjectConfigurator - Adding source folder /comparison/src/test/java
2016-05-27 15:59:48,575 [Worker-10] INFO  o.e.m.j.i.AbstractJavaProjectConfigurator - Adding source folder /server/src/main/java
2016-05-27 15:59:48,624 [Worker-10] INFO  o.e.m.j.i.AbstractJavaProjectConfigurator - Adding source folder /server/src/test/java
2016-05-27 15:59:48,822 [Worker-10] INFO  o.e.m.j.i.AbstractJavaProjectConfigurator - Adding source folder /client/src/main/java
2016-05-27 15:59:48,823 [Worker-10] INFO  o.e.m.j.i.AbstractJavaProjectConfigurator - Adding source folder /client/src/test/java
2016-05-27 15:59:48,936 [Worker-10] INFO  o.e.m.j.i.AbstractJavaProjectConfigurator - Adding source folder /view_print_results_loan/src/main/java
2016-05-27 15:59:48,947 [Worker-10] INFO  o.e.m.j.i.AbstractJavaProjectConfigurator - Adding source folder /view_print_results_loan/src/test/java
2016-05-27 15:59:49,113 [Worker-10] INFO  o.e.m.c.i.p.ProjectConfigurationManager - Imported and configured 9 project(s) in 17 sec
2016-05-27 15:59:53,338 [Worker-10] INFO  o.e.m.c.i.embedder.EclipseLogger - Using 'UTF-8' encoding to copy filtered resources.
2016-05-27 15:59:53,338 [Worker-10] INFO  o.e.m.c.i.embedder.EclipseLogger - skip non existing resourceDirectory C:\Users\user\Documents\GitHub\Kappa_Project\kappa_bank_project\commons\src\main\resources
2016-05-27 15:59:53,390 [Worker-10] INFO  o.e.m.c.i.embedder.EclipseLogger - Using 'UTF-8' encoding to copy filtered resources.
2016-05-27 15:59:53,396 [Worker-10] INFO  o.e.m.c.i.embedder.EclipseLogger - skip non existing resourceDirectory C:\Users\user\Documents\GitHub\Kappa_Project\kappa_bank_project\commons\src\test\resources
2016-05-27 15:59:53,828 [Worker-10] INFO  o.e.m.c.i.embedder.EclipseLogger - Using 'UTF-8' encoding to copy filtered resources.
2016-05-27 15:59:53,829 [Worker-10] INFO  o.e.m.c.i.embedder.EclipseLogger - skip non existing resourceDirectory C:\Users\user\Documents\GitHub\Kappa_Project\kappa_bank_project\analysis_of_indicators\src\main\resources
2016-05-27 15:59:53,834 [Worker-10] INFO  o.e.m.c.i.embedder.EclipseLogger - Using 'UTF-8' encoding to copy filtered resources.
2016-05-27 15:59:53,835 [Worker-10] INFO  o.e.m.c.i.embedder.EclipseLogger - skip non existing resourceDirectory C:\Users\user\Documents\GitHub\Kappa_Project\kappa_bank_project\analysis_of_indicators\src\test\resources
2016-05-27 15:59:54,666 [Worker-10] INFO  o.e.m.c.i.embedder.EclipseLogger - Using 'UTF-8' encoding to copy filtered resources.
2016-05-27 15:59:54,666 [Worker-10] INFO  o.e.m.c.i.embedder.EclipseLogger - skip non existing resourceDirectory C:\Users\user\Documents\GitHub\Kappa_Project\kappa_bank_project\comparison\src\main\resources
2016-05-27 15:59:54,686 [Worker-10] INFO  o.e.m.c.i.embedder.EclipseLogger - Using 'UTF-8' encoding to copy filtered resources.
2016-05-27 15:59:54,693 [Worker-10] INFO  o.e.m.c.i.embedder.EclipseLogger - skip non existing resourceDirectory C:\Users\user\Documents\GitHub\Kappa_Project\kappa_bank_project\comparison\src\test\resources
2016-05-27 15:59:55,178 [Worker-10] INFO  o.e.m.c.i.embedder.EclipseLogger - Using 'UTF-8' encoding to copy filtered resources.
2016-05-27 15:59:55,178 [Worker-10] INFO  o.e.m.c.i.embedder.EclipseLogger - skip non existing resourceDirectory C:\Users\user\Documents\GitHub\Kappa_Project\kappa_bank_project\fixed_rate_loan\src\main\resources
2016-05-27 15:59:55,187 [Worker-10] INFO  o.e.m.c.i.embedder.EclipseLogger - Using 'UTF-8' encoding to copy filtered resources.
2016-05-27 15:59:55,187 [Worker-10] INFO  o.e.m.c.i.embedder.EclipseLogger - skip non existing resourceDirectory C:\Users\user\Documents\GitHub\Kappa_Project\kappa_bank_project\fixed_rate_loan\src\test\resources
2016-05-27 15:59:55,526 [Worker-10] INFO  o.e.m.c.i.embedder.EclipseLogger - Using 'UTF-8' encoding to copy filtered resources.
2016-05-27 15:59:55,526 [Worker-10] INFO  o.e.m.c.i.embedder.EclipseLogger - skip non existing resourceDirectory C:\Users\user\Documents\GitHub\Kappa_Project\kappa_bank_project\server\src\main\resources
2016-05-27 15:59:55,538 [Worker-10] INFO  o.e.m.c.i.embedder.EclipseLogger - Using 'UTF-8' encoding to copy filtered resources.
2016-05-27 15:59:55,538 [Worker-10] INFO  o.e.m.c.i.embedder.EclipseLogger - skip non existing resourceDirectory C:\Users\user\Documents\GitHub\Kappa_Project\kappa_bank_project\server\src\test\resources
2016-05-27 15:59:55,960 [Worker-10] INFO  o.e.m.c.i.embedder.EclipseLogger - Using 'UTF-8' encoding to copy filtered resources.
2016-05-27 15:59:55,960 [Worker-10] INFO  o.e.m.c.i.embedder.EclipseLogger - skip non existing resourceDirectory C:\Users\user\Documents\GitHub\Kappa_Project\kappa_bank_project\variable_rate_loan\src\main\resources
2016-05-27 15:59:55,969 [Worker-10] INFO  o.e.m.c.i.embedder.EclipseLogger - Using 'UTF-8' encoding to copy filtered resources.
2016-05-27 15:59:55,969 [Worker-10] INFO  o.e.m.c.i.embedder.EclipseLogger - skip non existing resourceDirectory C:\Users\user\Documents\GitHub\Kappa_Project\kappa_bank_project\variable_rate_loan\src\test\resources
2016-05-27 15:59:56,292 [Worker-10] INFO  o.e.m.c.i.embedder.EclipseLogger - Using 'UTF-8' encoding to copy filtered resources.
2016-05-27 15:59:56,292 [Worker-10] INFO  o.e.m.c.i.embedder.EclipseLogger - skip non existing resourceDirectory C:\Users\user\Documents\GitHub\Kappa_Project\kappa_bank_project\view_print_results_loan\src\main\resources
2016-05-27 15:59:56,301 [Worker-10] INFO  o.e.m.c.i.embedder.EclipseLogger - Using 'UTF-8' encoding to copy filtered resources.
2016-05-27 15:59:56,302 [Worker-10] INFO  o.e.m.c.i.embedder.EclipseLogger - skip non existing resourceDirectory C:\Users\user\Documents\GitHub\Kappa_Project\kappa_bank_project\view_print_results_loan\src\test\resources
2016-05-27 15:59:56,892 [Worker-10] INFO  o.e.m.c.i.embedder.EclipseLogger - Using 'UTF-8' encoding to copy filtered resources.
2016-05-27 15:59:56,892 [Worker-10] INFO  o.e.m.c.i.embedder.EclipseLogger - skip non existing resourceDirectory C:\Users\user\Documents\GitHub\Kappa_Project\kappa_bank_project\client\src\main\resources
2016-05-27 15:59:56,902 [Worker-10] INFO  o.e.m.c.i.embedder.EclipseLogger - Using 'UTF-8' encoding to copy filtered resources.
2016-05-27 15:59:56,902 [Worker-10] INFO  o.e.m.c.i.embedder.EclipseLogger - skip non existing resourceDirectory C:\Users\user\Documents\GitHub\Kappa_Project\kappa_bank_project\client\src\test\resources
2016-05-27 16:00:08,807 [Worker-10] INFO  o.e.m.c.i.embedder.EclipseLogger - Using 'UTF-8' encoding to copy filtered resources.
2016-05-27 16:00:08,807 [Worker-10] INFO  o.e.m.c.i.embedder.EclipseLogger - skip non existing resourceDirectory C:\Users\user\Documents\GitHub\Kappa_Project\kappa_bank_project\commons\src\main\resources
2016-05-27 16:00:08,831 [Worker-10] INFO  o.e.m.c.i.embedder.EclipseLogger - Using 'UTF-8' encoding to copy filtered resources.
2016-05-27 16:00:08,882 [Worker-10] INFO  o.e.m.c.i.embedder.EclipseLogger - skip non existing resourceDirectory C:\Users\user\Documents\GitHub\Kappa_Project\kappa_bank_project\commons\src\test\resources
2016-05-27 16:00:09,031 [Worker-10] INFO  o.e.m.c.i.embedder.EclipseLogger - Using 'UTF-8' encoding to copy filtered resources.
2016-05-27 16:00:09,031 [Worker-10] INFO  o.e.m.c.i.embedder.EclipseLogger - skip non existing resourceDirectory C:\Users\user\Documents\GitHub\Kappa_Project\kappa_bank_project\analysis_of_indicators\src\main\resources
2016-05-27 16:00:09,064 [Worker-10] INFO  o.e.m.c.i.embedder.EclipseLogger - Using 'UTF-8' encoding to copy filtered resources.
2016-05-27 16:00:09,064 [Worker-10] INFO  o.e.m.c.i.embedder.EclipseLogger - skip non existing resourceDirectory C:\Users\user\Documents\GitHub\Kappa_Project\kappa_bank_project\analysis_of_indicators\src\test\resources
2016-05-27 16:00:09,102 [Worker-10] INFO  o.e.m.c.i.embedder.EclipseLogger - Using 'UTF-8' encoding to copy filtered resources.
2016-05-27 16:00:09,103 [Worker-10] INFO  o.e.m.c.i.embedder.EclipseLogger - skip non existing resourceDirectory C:\Users\user\Documents\GitHub\Kappa_Project\kappa_bank_project\comparison\src\main\resources
2016-05-27 16:00:09,148 [Worker-10] INFO  o.e.m.c.i.embedder.EclipseLogger - Using 'UTF-8' encoding to copy filtered resources.
2016-05-27 16:00:09,148 [Worker-10] INFO  o.e.m.c.i.embedder.EclipseLogger - skip non existing resourceDirectory C:\Users\user\Documents\GitHub\Kappa_Project\kappa_bank_project\comparison\src\test\resources
2016-05-27 16:00:09,191 [Worker-10] INFO  o.e.m.c.i.embedder.EclipseLogger - Using 'UTF-8' encoding to copy filtered resources.
2016-05-27 16:00:09,193 [Worker-10] INFO  o.e.m.c.i.embedder.EclipseLogger - skip non existing resourceDirectory C:\Users\user\Documents\GitHub\Kappa_Project\kappa_bank_project\fixed_rate_loan\src\main\resources
2016-05-27 16:00:09,205 [Worker-10] INFO  o.e.m.c.i.embedder.EclipseLogger - Using 'UTF-8' encoding to copy filtered resources.
2016-05-27 16:00:09,205 [Worker-10] INFO  o.e.m.c.i.embedder.EclipseLogger - skip non existing resourceDirectory C:\Users\user\Documents\GitHub\Kappa_Project\kappa_bank_project\fixed_rate_loan\src\test\resources
2016-05-27 16:00:09,275 [Worker-10] INFO  o.e.m.c.i.embedder.EclipseLogger - Using 'UTF-8' encoding to copy filtered resources.
2016-05-27 16:00:09,275 [Worker-10] INFO  o.e.m.c.i.embedder.EclipseLogger - skip non existing resourceDirectory C:\Users\user\Documents\GitHub\Kappa_Project\kappa_bank_project\server\src\main\resources
2016-05-27 16:00:09,277 [Worker-10] INFO  o.e.m.c.i.embedder.EclipseLogger - Using 'UTF-8' encoding to copy filtered resources.
2016-05-27 16:00:09,277 [Worker-10] INFO  o.e.m.c.i.embedder.EclipseLogger - skip non existing resourceDirectory C:\Users\user\Documents\GitHub\Kappa_Project\kappa_bank_project\server\src\test\resources
2016-05-27 16:00:09,346 [Worker-10] INFO  o.e.m.c.i.embedder.EclipseLogger - Using 'UTF-8' encoding to copy filtered resources.
2016-05-27 16:00:09,347 [Worker-10] INFO  o.e.m.c.i.embedder.EclipseLogger - skip non existing resourceDirectory C:\Users\user\Documents\GitHub\Kappa_Project\kappa_bank_project\variable_rate_loan\src\main\resources
2016-05-27 16:00:09,364 [Worker-10] INFO  o.e.m.c.i.embedder.EclipseLogger - Using 'UTF-8' encoding to copy filtered resources.
2016-05-27 16:00:09,365 [Worker-10] INFO  o.e.m.c.i.embedder.EclipseLogger - skip non existing resourceDirectory C:\Users\user\Documents\GitHub\Kappa_Project\kappa_bank_project\variable_rate_loan\src\test\resources
2016-05-27 16:00:09,398 [Worker-10] INFO  o.e.m.c.i.embedder.EclipseLogger - Using 'UTF-8' encoding to copy filtered resources.
2016-05-27 16:00:09,398 [Worker-10] INFO  o.e.m.c.i.embedder.EclipseLogger - skip non existing resourceDirectory C:\Users\user\Documents\GitHub\Kappa_Project\kappa_bank_project\view_print_results_loan\src\main\resources
2016-05-27 16:00:09,400 [Worker-10] INFO  o.e.m.c.i.embedder.EclipseLogger - Using 'UTF-8' encoding to copy filtered resources.
2016-05-27 16:00:09,400 [Worker-10] INFO  o.e.m.c.i.embedder.EclipseLogger - skip non existing resourceDirectory C:\Users\user\Documents\GitHub\Kappa_Project\kappa_bank_project\view_print_results_loan\src\test\resources
2016-05-27 16:00:09,435 [Worker-10] INFO  o.e.m.c.i.embedder.EclipseLogger - Using 'UTF-8' encoding to copy filtered resources.
2016-05-27 16:00:09,435 [Worker-10] INFO  o.e.m.c.i.embedder.EclipseLogger - skip non existing resourceDirectory C:\Users\user\Documents\GitHub\Kappa_Project\kappa_bank_project\client\src\main\resources
2016-05-27 16:00:09,439 [Worker-10] INFO  o.e.m.c.i.embedder.EclipseLogger - Using 'UTF-8' encoding to copy filtered resources.
2016-05-27 16:00:09,439 [Worker-10] INFO  o.e.m.c.i.embedder.EclipseLogger - skip non existing resourceDirectory C:\Users\user\Documents\GitHub\Kappa_Project\kappa_bank_project\client\src\test\resources
2016-05-27 16:00:18,302 [Worker-18] INFO  o.e.m.c.i.embedder.EclipseLogger - Using 'UTF-8' encoding to copy filtered resources.
2016-05-27 16:00:18,303 [Worker-18] INFO  o.e.m.c.i.embedder.EclipseLogger - skip non existing resourceDirectory C:\Users\user\Documents\GitHub\Kappa_Project\kappa_bank_project\analysis_of_indicators\src\main\resources
2016-05-27 16:00:18,306 [Worker-18] INFO  o.e.m.c.i.embedder.EclipseLogger - Using 'UTF-8' encoding to copy filtered resources.
2016-05-27 16:00:18,306 [Worker-18] INFO  o.e.m.c.i.embedder.EclipseLogger - skip non existing resourceDirectory C:\Users\user\Documents\GitHub\Kappa_Project\kappa_bank_project\analysis_of_indicators\src\test\resources
2016-05-27 16:00:39,998 [Worker-9] INFO  o.e.m.c.i.embedder.EclipseLogger - Using 'UTF-8' encoding to copy filtered resources.
2016-05-27 16:00:39,999 [Worker-9] INFO  o.e.m.c.i.embedder.EclipseLogger - skip non existing resourceDirectory C:\Users\user\Documents\GitHub\Kappa_Project\kappa_bank_project\client\src\main\resources
2016-05-27 16:00:40,017 [Worker-9] INFO  o.e.m.c.i.embedder.EclipseLogger - Using 'UTF-8' encoding to copy filtered resources.
2016-05-27 16:00:40,017 [Worker-9] INFO  o.e.m.c.i.embedder.EclipseLogger - skip non existing resourceDirectory C:\Users\user\Documents\GitHub\Kappa_Project\kappa_bank_project\client\src\test\resources
2016-05-27 16:01:06,479 [Worker-4] INFO  o.e.m.c.i.embedder.EclipseLogger - Using 'UTF-8' encoding to copy filtered resources.
2016-05-27 16:01:06,480 [Worker-4] INFO  o.e.m.c.i.embedder.EclipseLogger - skip non existing resourceDirectory C:\Users\user\Documents\GitHub\Kappa_Project\kappa_bank_project\commons\src\main\resources
2016-05-27 16:01:06,565 [Worker-4] INFO  o.e.m.c.i.embedder.EclipseLogger - Using 'UTF-8' encoding to copy filtered resources.
2016-05-27 16:01:06,577 [Worker-4] INFO  o.e.m.c.i.embedder.EclipseLogger - skip non existing resourceDirectory C:\Users\user\Documents\GitHub\Kappa_Project\kappa_bank_project\commons\src\test\resources
2016-05-27 16:01:29,763 [Worker-6] INFO  o.e.m.c.i.embedder.EclipseLogger - Using 'UTF-8' encoding to copy filtered resources.
2016-05-27 16:01:29,764 [Worker-6] INFO  o.e.m.c.i.embedder.EclipseLogger - skip non existing resourceDirectory C:\Users\user\Documents\GitHub\Kappa_Project\kappa_bank_project\comparison\src\main\resources
2016-05-27 16:01:29,773 [Worker-6] INFO  o.e.m.c.i.embedder.EclipseLogger - Using 'UTF-8' encoding to copy filtered resources.
2016-05-27 16:01:29,781 [Worker-6] INFO  o.e.m.c.i.embedder.EclipseLogger - skip non existing resourceDirectory C:\Users\user\Documents\GitHub\Kappa_Project\kappa_bank_project\comparison\src\test\resources
2016-05-27 16:02:02,493 [Worker-2] INFO  o.e.m.c.i.embedder.EclipseLogger - Using 'UTF-8' encoding to copy filtered resources.
2016-05-27 16:02:02,493 [Worker-2] INFO  o.e.m.c.i.embedder.EclipseLogger - skip non existing resourceDirectory C:\Users\user\Documents\GitHub\Kappa_Project\kappa_bank_project\fixed_rate_loan\src\main\resources
2016-05-27 16:02:02,622 [Worker-2] INFO  o.e.m.c.i.embedder.EclipseLogger - Using 'UTF-8' encoding to copy filtered resources.
2016-05-27 16:02:02,641 [Worker-2] INFO  o.e.m.c.i.embedder.EclipseLogger - skip non existing resourceDirectory C:\Users\user\Documents\GitHub\Kappa_Project\kappa_bank_project\fixed_rate_loan\src\test\resources
2016-05-27 16:02:26,708 [Worker-4] INFO  o.e.m.c.i.embedder.EclipseLogger - Using 'UTF-8' encoding to copy filtered resources.
2016-05-27 16:02:26,709 [Worker-4] INFO  o.e.m.c.i.embedder.EclipseLogger - skip non existing resourceDirectory C:\Users\user\Documents\GitHub\Kappa_Project\kappa_bank_project\server\src\main\resources
2016-05-27 16:02:26,736 [Worker-4] INFO  o.e.m.c.i.embedder.EclipseLogger - Using 'UTF-8' encoding to copy filtered resources.
2016-05-27 16:02:26,755 [Worker-4] INFO  o.e.m.c.i.embedder.EclipseLogger - skip non existing resourceDirectory C:\Users\user\Documents\GitHub\Kappa_Project\kappa_bank_project\server\src\test\resources
2016-05-27 16:02:47,405 [Worker-2] INFO  o.e.m.c.i.embedder.EclipseLogger - Using 'UTF-8' encoding to copy filtered resources.
2016-05-27 16:02:47,406 [Worker-2] INFO  o.e.m.c.i.embedder.EclipseLogger - skip non existing resourceDirectory C:\Users\user\Documents\GitHub\Kappa_Project\kappa_bank_project\variable_rate_loan\src\main\resources
2016-05-27 16:02:47,419 [Worker-2] INFO  o.e.m.c.i.embedder.EclipseLogger - Using 'UTF-8' encoding to copy filtered resources.
2016-05-27 16:02:47,428 [Worker-2] INFO  o.e.m.c.i.embedder.EclipseLogger - skip non existing resourceDirectory C:\Users\user\Documents\GitHub\Kappa_Project\kappa_bank_project\variable_rate_loan\src\test\resources
2016-05-27 16:03:08,907 [Worker-16] INFO  o.e.m.c.i.embedder.EclipseLogger - Using 'UTF-8' encoding to copy filtered resources.
2016-05-27 16:03:08,907 [Worker-16] INFO  o.e.m.c.i.embedder.EclipseLogger - skip non existing resourceDirectory C:\Users\user\Documents\GitHub\Kappa_Project\kappa_bank_project\view_print_results_loan\src\main\resources
2016-05-27 16:03:09,013 [Worker-16] INFO  o.e.m.c.i.embedder.EclipseLogger - Using 'UTF-8' encoding to copy filtered resources.
2016-05-27 16:03:09,037 [Worker-16] INFO  o.e.m.c.i.embedder.EclipseLogger - skip non existing resourceDirectory C:\Users\user\Documents\GitHub\Kappa_Project\kappa_bank_project\view_print_results_loan\src\test\resources
2016-05-27 16:06:53,676 [Worker-3] INFO  o.e.m.c.i.embedder.EclipseLogger - Using 'UTF-8' encoding to copy filtered resources.
2016-05-27 16:06:53,676 [Worker-3] INFO  o.e.m.c.i.embedder.EclipseLogger - skip non existing resourceDirectory C:\Users\user\Documents\GitHub\Kappa_Project\kappa_bank_project\variable_rate_loan\src\main\resources
2016-05-27 16:06:53,688 [Worker-3] INFO  o.e.m.c.i.embedder.EclipseLogger - Using 'UTF-8' encoding to copy filtered resources.
2016-05-27 16:06:53,699 [Worker-3] INFO  o.e.m.c.i.embedder.EclipseLogger - skip non existing resourceDirectory C:\Users\user\Documents\GitHub\Kappa_Project\kappa_bank_project\variable_rate_loan\src\test\resources
2016-05-27 16:07:57,285 [Worker-10] INFO  o.e.m.c.i.embedder.EclipseLogger - Using 'UTF-8' encoding to copy filtered resources.
2016-05-27 16:07:57,285 [Worker-10] INFO  o.e.m.c.i.embedder.EclipseLogger - skip non existing resourceDirectory C:\Users\user\Documents\GitHub\Kappa_Project\kappa_bank_project\commons\src\main\resources
2016-05-27 16:07:57,318 [Worker-10] INFO  o.e.m.c.i.embedder.EclipseLogger - Using 'UTF-8' encoding to copy filtered resources.
2016-05-27 16:07:57,336 [Worker-10] INFO  o.e.m.c.i.embedder.EclipseLogger - skip non existing resourceDirectory C:\Users\user\Documents\GitHub\Kappa_Project\kappa_bank_project\commons\src\test\resources
2016-05-27 16:07:57,597 [Worker-10] INFO  o.e.m.c.i.embedder.EclipseLogger - Using 'UTF-8' encoding to copy filtered resources.
2016-05-27 16:07:57,598 [Worker-10] INFO  o.e.m.c.i.embedder.EclipseLogger - skip non existing resourceDirectory C:\Users\user\Documents\GitHub\Kappa_Project\kappa_bank_project\variable_rate_loan\src\main\resources
2016-05-27 16:07:57,614 [Worker-10] INFO  o.e.m.c.i.embedder.EclipseLogger - Using 'UTF-8' encoding to copy filtered resources.
2016-05-27 16:07:57,614 [Worker-10] INFO  o.e.m.c.i.embedder.EclipseLogger - skip non existing resourceDirectory C:\Users\user\Documents\GitHub\Kappa_Project\kappa_bank_project\variable_rate_loan\src\test\resources
2016-05-27 16:09:43,928 [Worker-17] INFO  o.e.m.c.i.embedder.EclipseLogger - Using 'UTF-8' encoding to copy filtered resources.
2016-05-27 16:09:43,929 [Worker-17] INFO  o.e.m.c.i.embedder.EclipseLogger - skip non existing resourceDirectory C:\Users\user\Documents\GitHub\Kappa_Project\kappa_bank_project\variable_rate_loan\src\main\resources
2016-05-27 16:09:43,953 [Worker-17] INFO  o.e.m.c.i.embedder.EclipseLogger - Using 'UTF-8' encoding to copy filtered resources.
2016-05-27 16:09:43,974 [Worker-17] INFO  o.e.m.c.i.embedder.EclipseLogger - skip non existing resourceDirectory C:\Users\user\Documents\GitHub\Kappa_Project\kappa_bank_project\variable_rate_loan\src\test\resources
2016-05-27 16:09:48,076 [Worker-20] INFO  o.e.m.c.i.embedder.EclipseLogger - Using 'UTF-8' encoding to copy filtered resources.
2016-05-27 16:09:48,077 [Worker-20] INFO  o.e.m.c.i.embedder.EclipseLogger - skip non existing resourceDirectory C:\Users\user\Documents\GitHub\Kappa_Project\kappa_bank_project\variable_rate_loan\src\main\resources
2016-05-27 16:09:48,188 [Worker-20] INFO  o.e.m.c.i.embedder.EclipseLogger - Using 'UTF-8' encoding to copy filtered resources.
2016-05-27 16:09:48,204 [Worker-20] INFO  o.e.m.c.i.embedder.EclipseLogger - skip non existing resourceDirectory C:\Users\user\Documents\GitHub\Kappa_Project\kappa_bank_project\variable_rate_loan\src\test\resources
2016-05-27 16:10:18,700 [Worker-17] INFO  o.e.m.c.i.embedder.EclipseLogger - Using 'UTF-8' encoding to copy filtered resources.
2016-05-27 16:10:18,700 [Worker-17] INFO  o.e.m.c.i.embedder.EclipseLogger - skip non existing resourceDirectory C:\Users\user\Documents\GitHub\Kappa_Project\kappa_bank_project\variable_rate_loan\src\main\resources
2016-05-27 16:10:18,720 [Worker-17] INFO  o.e.m.c.i.embedder.EclipseLogger - Using 'UTF-8' encoding to copy filtered resources.
2016-05-27 16:10:18,744 [Worker-17] INFO  o.e.m.c.i.embedder.EclipseLogger - skip non existing resourceDirectory C:\Users\user\Documents\GitHub\Kappa_Project\kappa_bank_project\variable_rate_loan\src\test\resources
2016-05-27 16:10:28,313 [Worker-18] INFO  o.e.m.c.i.embedder.EclipseLogger - Using 'UTF-8' encoding to copy filtered resources.
2016-05-27 16:10:28,314 [Worker-18] INFO  o.e.m.c.i.embedder.EclipseLogger - skip non existing resourceDirectory C:\Users\user\Documents\GitHub\Kappa_Project\kappa_bank_project\variable_rate_loan\src\main\resources
2016-05-27 16:10:28,327 [Worker-18] INFO  o.e.m.c.i.embedder.EclipseLogger - Using 'UTF-8' encoding to copy filtered resources.
2016-05-27 16:10:28,338 [Worker-18] INFO  o.e.m.c.i.embedder.EclipseLogger - skip non existing resourceDirectory C:\Users\user\Documents\GitHub\Kappa_Project\kappa_bank_project\variable_rate_loan\src\test\resources
2016-05-27 16:11:01,229 [Worker-22] INFO  o.e.m.c.i.embedder.EclipseLogger - Using 'UTF-8' encoding to copy filtered resources.
2016-05-27 16:11:01,229 [Worker-22] INFO  o.e.m.c.i.embedder.EclipseLogger - skip non existing resourceDirectory C:\Users\user\Documents\GitHub\Kappa_Project\kappa_bank_project\variable_rate_loan\src\main\resources
2016-05-27 16:11:01,248 [Worker-22] INFO  o.e.m.c.i.embedder.EclipseLogger - Using 'UTF-8' encoding to copy filtered resources.
2016-05-27 16:11:01,262 [Worker-22] INFO  o.e.m.c.i.embedder.EclipseLogger - skip non existing resourceDirectory C:\Users\user\Documents\GitHub\Kappa_Project\kappa_bank_project\variable_rate_loan\src\test\resources
2016-05-27 16:11:10,685 [Worker-19] INFO  o.e.m.c.i.embedder.EclipseLogger - Using 'UTF-8' encoding to copy filtered resources.
2016-05-27 16:11:10,685 [Worker-19] INFO  o.e.m.c.i.embedder.EclipseLogger - skip non existing resourceDirectory C:\Users\user\Documents\GitHub\Kappa_Project\kappa_bank_project\variable_rate_loan\src\main\resources
2016-05-27 16:11:10,700 [Worker-19] INFO  o.e.m.c.i.embedder.EclipseLogger - Using 'UTF-8' encoding to copy filtered resources.
2016-05-27 16:11:10,713 [Worker-19] INFO  o.e.m.c.i.embedder.EclipseLogger - skip non existing resourceDirectory C:\Users\user\Documents\GitHub\Kappa_Project\kappa_bank_project\variable_rate_loan\src\test\resources
2016-05-27 16:11:43,250 [Worker-17] INFO  o.e.m.c.i.embedder.EclipseLogger - Using 'UTF-8' encoding to copy filtered resources.
2016-05-27 16:11:43,251 [Worker-17] INFO  o.e.m.c.i.embedder.EclipseLogger - skip non existing resourceDirectory C:\Users\user\Documents\GitHub\Kappa_Project\kappa_bank_project\commons\src\main\resources
2016-05-27 16:11:43,361 [Worker-17] INFO  o.e.m.c.i.embedder.EclipseLogger - Using 'UTF-8' encoding to copy filtered resources.
2016-05-27 16:11:43,456 [Worker-17] INFO  o.e.m.c.i.embedder.EclipseLogger - skip non existing resourceDirectory C:\Users\user\Documents\GitHub\Kappa_Project\kappa_bank_project\commons\src\test\resources
2016-05-27 16:12:15,270 [Worker-22] INFO  o.e.m.c.i.embedder.EclipseLogger - Using 'UTF-8' encoding to copy filtered resources.
2016-05-27 16:12:15,271 [Worker-22] INFO  o.e.m.c.i.embedder.EclipseLogger - skip non existing resourceDirectory C:\Users\user\Documents\GitHub\Kappa_Project\kappa_bank_project\commons\src\main\resources
2016-05-27 16:12:15,300 [Worker-22] INFO  o.e.m.c.i.embedder.EclipseLogger - Using 'UTF-8' encoding to copy filtered resources.
2016-05-27 16:12:15,324 [Worker-22] INFO  o.e.m.c.i.embedder.EclipseLogger - skip non existing resourceDirectory C:\Users\user\Documents\GitHub\Kappa_Project\kappa_bank_project\commons\src\test\resources
2016-05-27 16:13:54,614 [Worker-19] INFO  o.e.m.c.i.embedder.EclipseLogger - Using 'UTF-8' encoding to copy filtered resources.
2016-05-27 16:13:54,615 [Worker-19] INFO  o.e.m.c.i.embedder.EclipseLogger - skip non existing resourceDirectory C:\Users\user\Documents\GitHub\Kappa_Project\kappa_bank_project\server\src\main\resources
2016-05-27 16:13:54,627 [Worker-19] INFO  o.e.m.c.i.embedder.EclipseLogger - Using 'UTF-8' encoding to copy filtered resources.
2016-05-27 16:13:54,635 [Worker-19] INFO  o.e.m.c.i.embedder.EclipseLogger - skip non existing resourceDirectory C:\Users\user\Documents\GitHub\Kappa_Project\kappa_bank_project\server\src\test\resources
2016-05-27 16:16:08,311 [Worker-17] INFO  o.e.m.c.i.embedder.EclipseLogger - Using 'UTF-8' encoding to copy filtered resources.
2016-05-27 16:16:08,312 [Worker-17] INFO  o.e.m.c.i.embedder.EclipseLogger - skip non existing resourceDirectory C:\Users\user\Documents\GitHub\Kappa_Project\kappa_bank_project\server\src\main\resources
2016-05-27 16:16:08,325 [Worker-17] INFO  o.e.m.c.i.embedder.EclipseLogger - Using 'UTF-8' encoding to copy filtered resources.
2016-05-27 16:16:08,334 [Worker-17] INFO  o.e.m.c.i.embedder.EclipseLogger - skip non existing resourceDirectory C:\Users\user\Documents\GitHub\Kappa_Project\kappa_bank_project\server\src\test\resources
2016-05-27 16:17:02,664 [Worker-20] INFO  o.e.m.c.i.embedder.EclipseLogger - Using 'UTF-8' encoding to copy filtered resources.
2016-05-27 16:17:02,665 [Worker-20] INFO  o.e.m.c.i.embedder.EclipseLogger - skip non existing resourceDirectory C:\Users\user\Documents\GitHub\Kappa_Project\kappa_bank_project\server\src\main\resources
2016-05-27 16:17:02,779 [Worker-20] INFO  o.e.m.c.i.embedder.EclipseLogger - Using 'UTF-8' encoding to copy filtered resources.
2016-05-27 16:17:02,848 [Worker-20] INFO  o.e.m.c.i.embedder.EclipseLogger - skip non existing resourceDirectory C:\Users\user\Documents\GitHub\Kappa_Project\kappa_bank_project\server\src\test\resources
2016-05-27 16:22:20,643 [Worker-18] INFO  o.e.m.c.i.embedder.EclipseLogger - Using 'UTF-8' encoding to copy filtered resources.
2016-05-27 16:22:20,643 [Worker-18] INFO  o.e.m.c.i.embedder.EclipseLogger - skip non existing resourceDirectory C:\Users\user\Documents\GitHub\Kappa_Project\kappa_bank_project\server\src\main\resources
2016-05-27 16:22:20,659 [Worker-18] INFO  o.e.m.c.i.embedder.EclipseLogger - Using 'UTF-8' encoding to copy filtered resources.
2016-05-27 16:22:20,668 [Worker-18] INFO  o.e.m.c.i.embedder.EclipseLogger - skip non existing resourceDirectory C:\Users\user\Documents\GitHub\Kappa_Project\kappa_bank_project\server\src\test\resources
2016-05-27 16:23:09,215 [Worker-18] INFO  o.e.m.c.i.embedder.EclipseLogger - Using 'UTF-8' encoding to copy filtered resources.
2016-05-27 16:23:09,216 [Worker-18] INFO  o.e.m.c.i.embedder.EclipseLogger - skip non existing resourceDirectory C:\Users\user\Documents\GitHub\Kappa_Project\kappa_bank_project\server\src\main\resources
2016-05-27 16:23:09,233 [Worker-18] INFO  o.e.m.c.i.embedder.EclipseLogger - Using 'UTF-8' encoding to copy filtered resources.
2016-05-27 16:23:09,244 [Worker-18] INFO  o.e.m.c.i.embedder.EclipseLogger - skip non existing resourceDirectory C:\Users\user\Documents\GitHub\Kappa_Project\kappa_bank_project\server\src\test\resources
